<?xml version="1.0" encoding="UTF-8"?>
<coverage generated="1597454411924" clover="3.2.0">
  <project timestamp="1597454411924" name="All files">
    <metrics statements="105" coveredstatements="78" conditionals="115" coveredconditionals="89" methods="42" coveredmethods="26" elements="262" coveredelements="193" complexity="0" loc="105" ncloc="105" packages="1" files="3" classes="3"/>
    <file name="calculator.js" path="/Users/ryanlauzon/workdiv/SCAD/scad-ui/src/utilities/calculator.js">
      <metrics statements="57" coveredstatements="57" conditionals="65" coveredconditionals="63" methods="14" coveredmethods="14"/>
      <line num="14" count="9" type="stmt"/>
      <line num="15" count="9" type="cond" truecount="9" falsecount="0"/>
      <line num="16" count="4" type="stmt"/>
      <line num="17" count="96" type="stmt"/>
      <line num="19" count="4" type="cond" truecount="1" falsecount="1"/>
      <line num="20" count="4" type="stmt"/>
      <line num="21" count="3" type="cond" truecount="1" falsecount="1"/>
      <line num="22" count="3" type="cond" truecount="2" falsecount="0"/>
      <line num="23" count="2" type="stmt"/>
      <line num="24" count="1" type="stmt"/>
      <line num="29" count="9" type="stmt"/>
      <line num="39" count="129" type="cond" truecount="7" falsecount="0"/>
      <line num="40" count="1768" type="stmt"/>
      <line num="41" count="125" type="cond" truecount="2" falsecount="0"/>
      <line num="42" count="100" type="stmt"/>
      <line num="43" count="100" type="cond" truecount="2" falsecount="0"/>
      <line num="44" count="5" type="stmt"/>
      <line num="46" count="100" type="cond" truecount="2" falsecount="0"/>
      <line num="47" count="12" type="stmt"/>
      <line num="49" count="100" type="stmt"/>
      <line num="52" count="25" type="stmt"/>
      <line num="61" count="17" type="cond" truecount="4" falsecount="0"/>
      <line num="62" count="13" type="cond" truecount="2" falsecount="0"/>
      <line num="63" count="3" type="stmt"/>
      <line num="65" count="10" type="stmt"/>
      <line num="67" count="4" type="stmt"/>
      <line num="74" count="26" type="cond" truecount="4" falsecount="0"/>
      <line num="75" count="20" type="stmt"/>
      <line num="76" count="20" type="cond" truecount="2" falsecount="0"/>
      <line num="77" count="7" type="stmt"/>
      <line num="79" count="13" type="stmt"/>
      <line num="81" count="6" type="cond" truecount="4" falsecount="0"/>
      <line num="82" count="2" type="stmt"/>
      <line num="83" count="4" type="stmt"/>
      <line num="90" count="11" type="stmt"/>
      <line num="91" count="11" type="cond" truecount="2" falsecount="0"/>
      <line num="92" count="8" type="stmt"/>
      <line num="93" count="192" type="cond" truecount="2" falsecount="0"/>
      <line num="94" count="38" type="cond" truecount="2" falsecount="0"/>
      <line num="95" count="37" type="stmt"/>
      <line num="100" count="11" type="stmt"/>
      <line num="106" count="2" type="stmt"/>
      <line num="107" count="2" type="cond" truecount="2" falsecount="0"/>
      <line num="108" count="1" type="stmt"/>
      <line num="109" count="24" type="cond" truecount="2" falsecount="0"/>
      <line num="112" count="2" type="stmt"/>
      <line num="122" count="17" type="stmt"/>
      <line num="123" count="17" type="cond" truecount="7" falsecount="0"/>
      <line num="124" count="7" type="stmt"/>
      <line num="125" count="168" type="cond" truecount="2" falsecount="0"/>
      <line num="127" count="22" type="cond" truecount="2" falsecount="0"/>
      <line num="128" count="6" type="stmt"/>
      <line num="130" count="16" type="stmt"/>
      <line num="132" count="22" type="stmt"/>
      <line num="133" count="22" type="stmt"/>
      <line num="137" count="17" type="stmt"/>
      <line num="148" count="3" type="stmt"/>
    </file>
    <file name="functions.js" path="/Users/ryanlauzon/workdiv/SCAD/scad-ui/src/utilities/functions.js">
      <metrics statements="35" coveredstatements="10" conditionals="36" coveredconditionals="12" methods="22" coveredmethods="7"/>
      <line num="7" count="149" type="cond" truecount="2" falsecount="0"/>
      <line num="14" count="110" type="cond" truecount="2" falsecount="0"/>
      <line num="21" count="0" type="cond" truecount="0" falsecount="2"/>
      <line num="28" count="0" type="cond" truecount="0" falsecount="2"/>
      <line num="34" count="3" type="cond" truecount="4" falsecount="0"/>
      <line num="35" count="1" type="stmt"/>
      <line num="36" count="1" type="stmt"/>
      <line num="37" count="8" type="cond" truecount="2" falsecount="0"/>
      <line num="38" count="7" type="stmt"/>
      <line num="41" count="1" type="stmt"/>
      <line num="46" count="0" type="stmt"/>
      <line num="47" count="0" type="cond" truecount="0" falsecount="2"/>
      <line num="48" count="0" type="stmt"/>
      <line num="49" count="0" type="stmt"/>
      <line num="52" count="0" type="stmt"/>
      <line num="56" count="0" type="stmt"/>
      <line num="57" count="0" type="cond" truecount="0" falsecount="2"/>
      <line num="61" count="0" type="stmt"/>
      <line num="62" count="0" type="cond" truecount="0" falsecount="2"/>
      <line num="66" count="0" type="stmt"/>
      <line num="67" count="0" type="cond" truecount="0" falsecount="2"/>
      <line num="71" count="0" type="stmt"/>
      <line num="72" count="0" type="cond" truecount="0" falsecount="2"/>
      <line num="76" count="0" type="stmt"/>
      <line num="77" count="0" type="cond" truecount="0" falsecount="2"/>
      <line num="81" count="0" type="stmt"/>
      <line num="82" count="0" type="cond" truecount="0" falsecount="2"/>
      <line num="86" count="0" type="stmt"/>
      <line num="87" count="0" type="cond" truecount="0" falsecount="2"/>
      <line num="91" count="3" type="stmt"/>
      <line num="92" count="3" type="cond" truecount="2" falsecount="0"/>
      <line num="96" count="0" type="stmt"/>
      <line num="97" count="0" type="cond" truecount="0" falsecount="2"/>
      <line num="101" count="0" type="stmt"/>
      <line num="102" count="0" type="cond" truecount="0" falsecount="2"/>
    </file>
    <file name="validators.js" path="/Users/ryanlauzon/workdiv/SCAD/scad-ui/src/utilities/validators.js">
      <metrics statements="13" coveredstatements="11" conditionals="14" coveredconditionals="14" methods="6" coveredmethods="5"/>
      <line num="8" count="9" type="stmt"/>
      <line num="18" count="8" type="cond" truecount="4" falsecount="0"/>
      <line num="19" count="7" type="stmt"/>
      <line num="20" count="4" type="stmt"/>
      <line num="22" count="8" type="cond" truecount="2" falsecount="0"/>
      <line num="30" count="7" type="cond" truecount="4" falsecount="0"/>
      <line num="31" count="5" type="stmt"/>
      <line num="32" count="5" type="cond" truecount="4" falsecount="0"/>
      <line num="33" count="2" type="stmt"/>
      <line num="34" count="3" type="stmt"/>
      <line num="35" count="2" type="stmt"/>
      <line num="39" count="0" type="stmt"/>
      <line num="40" count="0" type="stmt"/>
    </file>
  </project>
</coverage>
