{"/Users/ryanlauzon/workdiv/SCAD/scad-ui/src/utilities/calculator.js": {"path":"/Users/ryanlauzon/workdiv/SCAD/scad-ui/src/utilities/calculator.js","statementMap":{"0":{"start":{"line":14,"column":15},"end":{"line":14,"column":16}},"1":{"start":{"line":15,"column":2},"end":{"line":28,"column":3}},"2":{"start":{"line":16,"column":4},"end":{"line":18,"column":6}},"3":{"start":{"line":17,"column":6},"end":{"line":17,"column":125}},"4":{"start":{"line":19,"column":4},"end":{"line":27,"column":5}},"5":{"start":{"line":20,"column":6},"end":{"line":26,"column":8}},"6":{"start":{"line":21,"column":8},"end":{"line":25,"column":9}},"7":{"start":{"line":22,"column":10},"end":{"line":24,"column":40}},"8":{"start":{"line":23,"column":12},"end":{"line":23,"column":31}},"9":{"start":{"line":24,"column":19},"end":{"line":24,"column":38}},"10":{"start":{"line":29,"column":2},"end":{"line":29,"column":15}},"11":{"start":{"line":39,"column":2},"end":{"line":54,"column":3}},"12":{"start":{"line":40,"column":17},"end":{"line":40,"column":67}},"13":{"start":{"line":40,"column":39},"end":{"line":40,"column":66}},"14":{"start":{"line":41,"column":4},"end":{"line":53,"column":5}},"15":{"start":{"line":42,"column":19},"end":{"line":42,"column":32}},"16":{"start":{"line":43,"column":6},"end":{"line":45,"column":7}},"17":{"start":{"line":44,"column":8},"end":{"line":44,"column":69}},"18":{"start":{"line":46,"column":6},"end":{"line":48,"column":7}},"19":{"start":{"line":47,"column":8},"end":{"line":47,"column":52}},"20":{"start":{"line":49,"column":6},"end":{"line":49,"column":19}},"21":{"start":{"line":52,"column":6},"end":{"line":52,"column":14}},"22":{"start":{"line":61,"column":2},"end":{"line":67,"column":26}},"23":{"start":{"line":62,"column":4},"end":{"line":66,"column":5}},"24":{"start":{"line":63,"column":6},"end":{"line":63,"column":14}},"25":{"start":{"line":65,"column":6},"end":{"line":65,"column":45}},"26":{"start":{"line":67,"column":11},"end":{"line":67,"column":24}},"27":{"start":{"line":74,"column":2},"end":{"line":83,"column":26}},"28":{"start":{"line":75,"column":4},"end":{"line":75,"column":41}},"29":{"start":{"line":76,"column":4},"end":{"line":80,"column":5}},"30":{"start":{"line":77,"column":6},"end":{"line":77,"column":19}},"31":{"start":{"line":79,"column":6},"end":{"line":79,"column":31}},"32":{"start":{"line":81,"column":9},"end":{"line":83,"column":26}},"33":{"start":{"line":82,"column":4},"end":{"line":82,"column":17}},"34":{"start":{"line":83,"column":11},"end":{"line":83,"column":24}},"35":{"start":{"line":90,"column":14},"end":{"line":90,"column":15}},"36":{"start":{"line":91,"column":2},"end":{"line":99,"column":3}},"37":{"start":{"line":92,"column":4},"end":{"line":98,"column":6}},"38":{"start":{"line":93,"column":6},"end":{"line":97,"column":7}},"39":{"start":{"line":94,"column":8},"end":{"line":96,"column":9}},"40":{"start":{"line":95,"column":10},"end":{"line":95,"column":17}},"41":{"start":{"line":100,"column":2},"end":{"line":100,"column":14}},"42":{"start":{"line":106,"column":14},"end":{"line":106,"column":15}},"43":{"start":{"line":107,"column":2},"end":{"line":111,"column":3}},"44":{"start":{"line":108,"column":4},"end":{"line":110,"column":6}},"45":{"start":{"line":109,"column":6},"end":{"line":109,"column":60}},"46":{"start":{"line":109,"column":51},"end":{"line":109,"column":58}},"47":{"start":{"line":112,"column":2},"end":{"line":112,"column":14}},"48":{"start":{"line":122,"column":14},"end":{"line":122,"column":15}},"49":{"start":{"line":123,"column":2},"end":{"line":136,"column":3}},"50":{"start":{"line":124,"column":4},"end":{"line":135,"column":6}},"51":{"start":{"line":125,"column":6},"end":{"line":134,"column":7}},"52":{"start":{"line":127,"column":8},"end":{"line":131,"column":9}},"53":{"start":{"line":128,"column":10},"end":{"line":128,"column":25}},"54":{"start":{"line":130,"column":10},"end":{"line":130,"column":53}},"55":{"start":{"line":132,"column":21},"end":{"line":132,"column":109}},"56":{"start":{"line":133,"column":8},"end":{"line":133,"column":23}},"57":{"start":{"line":137,"column":2},"end":{"line":137,"column":14}},"58":{"start":{"line":148,"column":2},"end":{"line":148,"column":124}}},"fnMap":{"0":{"name":"calcTeamSalary","decl":{"start":{"line":13,"column":16},"end":{"line":13,"column":30}},"loc":{"start":{"line":13,"column":128},"end":{"line":30,"column":1}},"line":13},"1":{"name":"(anonymous_1)","decl":{"start":{"line":16,"column":25},"end":{"line":16,"column":26}},"loc":{"start":{"line":16,"column":30},"end":{"line":18,"column":5}},"line":16},"2":{"name":"(anonymous_2)","decl":{"start":{"line":20,"column":28},"end":{"line":20,"column":29}},"loc":{"start":{"line":20,"column":34},"end":{"line":26,"column":7}},"line":20},"3":{"name":"calcPlayerSalary","decl":{"start":{"line":38,"column":16},"end":{"line":38,"column":32}},"loc":{"start":{"line":38,"column":93},"end":{"line":55,"column":1}},"line":38},"4":{"name":"(anonymous_4)","decl":{"start":{"line":40,"column":34},"end":{"line":40,"column":35}},"loc":{"start":{"line":40,"column":39},"end":{"line":40,"column":66}},"line":40},"5":{"name":"calcFranchiseTagSalary","decl":{"start":{"line":60,"column":16},"end":{"line":60,"column":38}},"loc":{"start":{"line":60,"column":70},"end":{"line":68,"column":1}},"line":60},"6":{"name":"calcIrSalary","decl":{"start":{"line":73,"column":16},"end":{"line":73,"column":28}},"loc":{"start":{"line":73,"column":52},"end":{"line":84,"column":1}},"line":73},"7":{"name":"getPosCount","decl":{"start":{"line":89,"column":16},"end":{"line":89,"column":27}},"loc":{"start":{"line":89,"column":43},"end":{"line":101,"column":1}},"line":89},"8":{"name":"(anonymous_8)","decl":{"start":{"line":92,"column":20},"end":{"line":92,"column":21}},"loc":{"start":{"line":92,"column":25},"end":{"line":98,"column":5}},"line":92},"9":{"name":"getPlayerCount","decl":{"start":{"line":105,"column":16},"end":{"line":105,"column":30}},"loc":{"start":{"line":105,"column":41},"end":{"line":113,"column":1}},"line":105},"10":{"name":"(anonymous_10)","decl":{"start":{"line":108,"column":20},"end":{"line":108,"column":21}},"loc":{"start":{"line":108,"column":25},"end":{"line":110,"column":5}},"line":108},"11":{"name":"getPositionSalaryTotal","decl":{"start":{"line":121,"column":16},"end":{"line":121,"column":38}},"loc":{"start":{"line":121,"column":103},"end":{"line":138,"column":1}},"line":121},"12":{"name":"(anonymous_12)","decl":{"start":{"line":124,"column":20},"end":{"line":124,"column":21}},"loc":{"start":{"line":124,"column":25},"end":{"line":135,"column":5}},"line":124},"13":{"name":"getPerc","decl":{"start":{"line":147,"column":16},"end":{"line":147,"column":23}},"loc":{"start":{"line":147,"column":96},"end":{"line":149,"column":1}},"line":147}},"branchMap":{"0":{"loc":{"start":{"line":15,"column":2},"end":{"line":28,"column":3}},"type":"if","locations":[{"start":{"line":15,"column":2},"end":{"line":28,"column":3}},{"start":{"line":15,"column":2},"end":{"line":28,"column":3}}],"line":15},"1":{"loc":{"start":{"line":15,"column":6},"end":{"line":15,"column":112}},"type":"binary-expr","locations":[{"start":{"line":15,"column":6},"end":{"line":15,"column":18}},{"start":{"line":15,"column":22},"end":{"line":15,"column":33}},{"start":{"line":15,"column":37},"end":{"line":15,"column":50}},{"start":{"line":15,"column":54},"end":{"line":15,"column":74}},{"start":{"line":15,"column":78},"end":{"line":15,"column":91}},{"start":{"line":15,"column":95},"end":{"line":15,"column":104}},{"start":{"line":15,"column":108},"end":{"line":15,"column":112}}],"line":15},"2":{"loc":{"start":{"line":19,"column":4},"end":{"line":27,"column":5}},"type":"if","locations":[{"start":{"line":19,"column":4},"end":{"line":27,"column":5}},{"start":{"line":19,"column":4},"end":{"line":27,"column":5}}],"line":19},"3":{"loc":{"start":{"line":21,"column":8},"end":{"line":25,"column":9}},"type":"if","locations":[{"start":{"line":21,"column":8},"end":{"line":25,"column":9}},{"start":{"line":21,"column":8},"end":{"line":25,"column":9}}],"line":21},"4":{"loc":{"start":{"line":22,"column":10},"end":{"line":24,"column":40}},"type":"if","locations":[{"start":{"line":22,"column":10},"end":{"line":24,"column":40}},{"start":{"line":22,"column":10},"end":{"line":24,"column":40}}],"line":22},"5":{"loc":{"start":{"line":39,"column":2},"end":{"line":54,"column":3}},"type":"if","locations":[{"start":{"line":39,"column":2},"end":{"line":54,"column":3}},{"start":{"line":39,"column":2},"end":{"line":54,"column":3}}],"line":39},"6":{"loc":{"start":{"line":39,"column":6},"end":{"line":39,"column":76}},"type":"binary-expr","locations":[{"start":{"line":39,"column":6},"end":{"line":39,"column":8}},{"start":{"line":39,"column":12},"end":{"line":39,"column":15}},{"start":{"line":39,"column":19},"end":{"line":39,"column":30}},{"start":{"line":39,"column":34},"end":{"line":39,"column":54}},{"start":{"line":39,"column":58},"end":{"line":39,"column":76}}],"line":39},"7":{"loc":{"start":{"line":41,"column":4},"end":{"line":53,"column":5}},"type":"if","locations":[{"start":{"line":41,"column":4},"end":{"line":53,"column":5}},{"start":{"line":41,"column":4},"end":{"line":53,"column":5}}],"line":41},"8":{"loc":{"start":{"line":43,"column":6},"end":{"line":45,"column":7}},"type":"if","locations":[{"start":{"line":43,"column":6},"end":{"line":45,"column":7}},{"start":{"line":43,"column":6},"end":{"line":45,"column":7}}],"line":43},"9":{"loc":{"start":{"line":46,"column":6},"end":{"line":48,"column":7}},"type":"if","locations":[{"start":{"line":46,"column":6},"end":{"line":48,"column":7}},{"start":{"line":46,"column":6},"end":{"line":48,"column":7}}],"line":46},"10":{"loc":{"start":{"line":61,"column":2},"end":{"line":67,"column":26}},"type":"if","locations":[{"start":{"line":61,"column":2},"end":{"line":67,"column":26}},{"start":{"line":61,"column":2},"end":{"line":67,"column":26}}],"line":61},"11":{"loc":{"start":{"line":61,"column":6},"end":{"line":61,"column":36}},"type":"binary-expr","locations":[{"start":{"line":61,"column":6},"end":{"line":61,"column":12}},{"start":{"line":61,"column":16},"end":{"line":61,"column":36}}],"line":61},"12":{"loc":{"start":{"line":62,"column":4},"end":{"line":66,"column":5}},"type":"if","locations":[{"start":{"line":62,"column":4},"end":{"line":66,"column":5}},{"start":{"line":62,"column":4},"end":{"line":66,"column":5}}],"line":62},"13":{"loc":{"start":{"line":74,"column":2},"end":{"line":83,"column":26}},"type":"if","locations":[{"start":{"line":74,"column":2},"end":{"line":83,"column":26}},{"start":{"line":74,"column":2},"end":{"line":83,"column":26}}],"line":74},"14":{"loc":{"start":{"line":74,"column":6},"end":{"line":74,"column":32}},"type":"binary-expr","locations":[{"start":{"line":74,"column":6},"end":{"line":74,"column":12}},{"start":{"line":74,"column":16},"end":{"line":74,"column":32}}],"line":74},"15":{"loc":{"start":{"line":76,"column":4},"end":{"line":80,"column":5}},"type":"if","locations":[{"start":{"line":76,"column":4},"end":{"line":80,"column":5}},{"start":{"line":76,"column":4},"end":{"line":80,"column":5}}],"line":76},"16":{"loc":{"start":{"line":81,"column":9},"end":{"line":83,"column":26}},"type":"if","locations":[{"start":{"line":81,"column":9},"end":{"line":83,"column":26}},{"start":{"line":81,"column":9},"end":{"line":83,"column":26}}],"line":81},"17":{"loc":{"start":{"line":81,"column":13},"end":{"line":81,"column":40}},"type":"binary-expr","locations":[{"start":{"line":81,"column":13},"end":{"line":81,"column":19}},{"start":{"line":81,"column":23},"end":{"line":81,"column":40}}],"line":81},"18":{"loc":{"start":{"line":91,"column":2},"end":{"line":99,"column":3}},"type":"if","locations":[{"start":{"line":91,"column":2},"end":{"line":99,"column":3}},{"start":{"line":91,"column":2},"end":{"line":99,"column":3}}],"line":91},"19":{"loc":{"start":{"line":93,"column":6},"end":{"line":97,"column":7}},"type":"if","locations":[{"start":{"line":93,"column":6},"end":{"line":97,"column":7}},{"start":{"line":93,"column":6},"end":{"line":97,"column":7}}],"line":93},"20":{"loc":{"start":{"line":94,"column":8},"end":{"line":96,"column":9}},"type":"if","locations":[{"start":{"line":94,"column":8},"end":{"line":96,"column":9}},{"start":{"line":94,"column":8},"end":{"line":96,"column":9}}],"line":94},"21":{"loc":{"start":{"line":107,"column":2},"end":{"line":111,"column":3}},"type":"if","locations":[{"start":{"line":107,"column":2},"end":{"line":111,"column":3}},{"start":{"line":107,"column":2},"end":{"line":111,"column":3}}],"line":107},"22":{"loc":{"start":{"line":109,"column":6},"end":{"line":109,"column":60}},"type":"if","locations":[{"start":{"line":109,"column":6},"end":{"line":109,"column":60}},{"start":{"line":109,"column":6},"end":{"line":109,"column":60}}],"line":109},"23":{"loc":{"start":{"line":123,"column":2},"end":{"line":136,"column":3}},"type":"if","locations":[{"start":{"line":123,"column":2},"end":{"line":136,"column":3}},{"start":{"line":123,"column":2},"end":{"line":136,"column":3}}],"line":123},"24":{"loc":{"start":{"line":123,"column":6},"end":{"line":123,"column":80}},"type":"binary-expr","locations":[{"start":{"line":123,"column":6},"end":{"line":123,"column":9}},{"start":{"line":123,"column":13},"end":{"line":123,"column":20}},{"start":{"line":123,"column":24},"end":{"line":123,"column":35}},{"start":{"line":123,"column":39},"end":{"line":123,"column":59}},{"start":{"line":123,"column":63},"end":{"line":123,"column":80}}],"line":123},"25":{"loc":{"start":{"line":125,"column":6},"end":{"line":134,"column":7}},"type":"if","locations":[{"start":{"line":125,"column":6},"end":{"line":134,"column":7}},{"start":{"line":125,"column":6},"end":{"line":134,"column":7}}],"line":125},"26":{"loc":{"start":{"line":127,"column":8},"end":{"line":131,"column":9}},"type":"if","locations":[{"start":{"line":127,"column":8},"end":{"line":131,"column":9}},{"start":{"line":127,"column":8},"end":{"line":131,"column":9}}],"line":127}},"s":{"0":9,"1":9,"2":4,"3":96,"4":4,"5":4,"6":3,"7":3,"8":2,"9":1,"10":9,"11":129,"12":125,"13":1768,"14":125,"15":100,"16":100,"17":5,"18":100,"19":12,"20":100,"21":25,"22":17,"23":13,"24":3,"25":10,"26":4,"27":26,"28":20,"29":20,"30":7,"31":13,"32":6,"33":2,"34":4,"35":11,"36":11,"37":8,"38":192,"39":38,"40":37,"41":11,"42":2,"43":2,"44":1,"45":24,"46":23,"47":2,"48":17,"49":17,"50":7,"51":168,"52":22,"53":6,"54":16,"55":22,"56":22,"57":17,"58":3},"f":{"0":9,"1":96,"2":3,"3":129,"4":1768,"5":17,"6":26,"7":11,"8":192,"9":2,"10":24,"11":17,"12":168,"13":3},"b":{"0":[4,5],"1":[9,7,7,6,5,5,4],"2":[4,0],"3":[3,0],"4":[2,1],"5":[125,4],"6":[129,126,125,125,125],"7":[100,25],"8":[5,95],"9":[12,88],"10":[13,4],"11":[17,14],"12":[3,10],"13":[20,6],"14":[26,23],"15":[7,13],"16":[2,4],"17":[6,3],"18":[8,3],"19":[38,154],"20":[37,1],"21":[1,1],"22":[23,1],"23":[7,10],"24":[17,13,10,7,7],"25":[22,146],"26":[6,16]},"_coverageSchema":"43e27e138ebf9cfc5966b082cf9a028302ed4184","hash":"a557ef14c40518f1c3f7ca8ba43cef55d57375cb"}
,"/Users/ryanlauzon/workdiv/SCAD/scad-ui/src/utilities/functions.js": {"path":"/Users/ryanlauzon/workdiv/SCAD/scad-ui/src/utilities/functions.js","statementMap":{"0":{"start":{"line":7,"column":2},"end":{"line":9,"column":3}},"1":{"start":{"line":8,"column":4},"end":{"line":8,"column":57}},"2":{"start":{"line":8,"column":29},"end":{"line":8,"column":56}},"3":{"start":{"line":16,"column":2},"end":{"line":18,"column":3}},"4":{"start":{"line":17,"column":4},"end":{"line":17,"column":47}},"5":{"start":{"line":17,"column":29},"end":{"line":17,"column":46}},"6":{"start":{"line":24,"column":2},"end":{"line":32,"column":3}},"7":{"start":{"line":25,"column":16},"end":{"line":25,"column":17}},"8":{"start":{"line":26,"column":4},"end":{"line":30,"column":6}},"9":{"start":{"line":27,"column":6},"end":{"line":29,"column":7}},"10":{"start":{"line":28,"column":8},"end":{"line":28,"column":42}},"11":{"start":{"line":31,"column":4},"end":{"line":31,"column":16}}},"fnMap":{"0":{"name":"getScadPlayer","decl":{"start":{"line":6,"column":16},"end":{"line":6,"column":29}},"loc":{"start":{"line":6,"column":44},"end":{"line":10,"column":1}},"line":6},"1":{"name":"(anonymous_1)","decl":{"start":{"line":8,"column":24},"end":{"line":8,"column":25}},"loc":{"start":{"line":8,"column":29},"end":{"line":8,"column":56}},"line":8},"2":{"name":"getYahooPlayer","decl":{"start":{"line":15,"column":16},"end":{"line":15,"column":30}},"loc":{"start":{"line":15,"column":45},"end":{"line":19,"column":1}},"line":15},"3":{"name":"(anonymous_3)","decl":{"start":{"line":17,"column":24},"end":{"line":17,"column":25}},"loc":{"start":{"line":17,"column":29},"end":{"line":17,"column":46}},"line":17},"4":{"name":"getLeagueRosterLimit","decl":{"start":{"line":23,"column":16},"end":{"line":23,"column":36}},"loc":{"start":{"line":23,"column":55},"end":{"line":33,"column":1}},"line":23},"5":{"name":"(anonymous_5)","decl":{"start":{"line":26,"column":28},"end":{"line":26,"column":29}},"loc":{"start":{"line":26,"column":35},"end":{"line":30,"column":5}},"line":26}},"branchMap":{"0":{"loc":{"start":{"line":7,"column":2},"end":{"line":9,"column":3}},"type":"if","locations":[{"start":{"line":7,"column":2},"end":{"line":9,"column":3}},{"start":{"line":7,"column":2},"end":{"line":9,"column":3}}],"line":7},"1":{"loc":{"start":{"line":16,"column":2},"end":{"line":18,"column":3}},"type":"if","locations":[{"start":{"line":16,"column":2},"end":{"line":18,"column":3}},{"start":{"line":16,"column":2},"end":{"line":18,"column":3}}],"line":16},"2":{"loc":{"start":{"line":24,"column":2},"end":{"line":32,"column":3}},"type":"if","locations":[{"start":{"line":24,"column":2},"end":{"line":32,"column":3}},{"start":{"line":24,"column":2},"end":{"line":32,"column":3}}],"line":24},"3":{"loc":{"start":{"line":24,"column":6},"end":{"line":24,"column":55}},"type":"binary-expr","locations":[{"start":{"line":24,"column":6},"end":{"line":24,"column":21}},{"start":{"line":24,"column":25},"end":{"line":24,"column":55}}],"line":24},"4":{"loc":{"start":{"line":27,"column":6},"end":{"line":29,"column":7}},"type":"if","locations":[{"start":{"line":27,"column":6},"end":{"line":29,"column":7}},{"start":{"line":27,"column":6},"end":{"line":29,"column":7}}],"line":27}},"s":{"0":9,"1":7,"2":122,"3":7,"4":5,"5":110,"6":3,"7":1,"8":1,"9":8,"10":7,"11":1},"f":{"0":9,"1":122,"2":7,"3":110,"4":3,"5":8},"b":{"0":[7,2],"1":[5,2],"2":[1,2],"3":[3,2],"4":[7,1]},"_coverageSchema":"43e27e138ebf9cfc5966b082cf9a028302ed4184","hash":"1eb17364a4e52ad3544cc23b9c03eecc0279a3af"}
,"/Users/ryanlauzon/workdiv/SCAD/scad-ui/src/utilities/validators.js": {"path":"/Users/ryanlauzon/workdiv/SCAD/scad-ui/src/utilities/validators.js","statementMap":{"0":{"start":{"line":7,"column":2},"end":{"line":7,"column":57}},"1":{"start":{"line":7,"column":22},"end":{"line":7,"column":33}},"2":{"start":{"line":7,"column":43},"end":{"line":7,"column":55}},"3":{"start":{"line":17,"column":2},"end":{"line":20,"column":3}},"4":{"start":{"line":18,"column":4},"end":{"line":18,"column":61}},"5":{"start":{"line":18,"column":43},"end":{"line":18,"column":60}},"6":{"start":{"line":19,"column":4},"end":{"line":19,"column":61}},"7":{"start":{"line":19,"column":39},"end":{"line":19,"column":60}},"8":{"start":{"line":21,"column":2},"end":{"line":25,"column":3}},"9":{"start":{"line":22,"column":4},"end":{"line":22,"column":15}},"10":{"start":{"line":24,"column":4},"end":{"line":24,"column":16}},"11":{"start":{"line":33,"column":2},"end":{"line":40,"column":25}},"12":{"start":{"line":34,"column":16},"end":{"line":34,"column":55}},"13":{"start":{"line":35,"column":4},"end":{"line":39,"column":5}},"14":{"start":{"line":36,"column":6},"end":{"line":36,"column":17}},"15":{"start":{"line":38,"column":6},"end":{"line":38,"column":18}},"16":{"start":{"line":40,"column":11},"end":{"line":40,"column":23}}},"fnMap":{"0":{"name":"isIR","decl":{"start":{"line":6,"column":16},"end":{"line":6,"column":20}},"loc":{"start":{"line":6,"column":27},"end":{"line":8,"column":1}},"line":6},"1":{"name":"isCommishNotRegistered","decl":{"start":{"line":14,"column":16},"end":{"line":14,"column":38}},"loc":{"start":{"line":14,"column":78},"end":{"line":26,"column":1}},"line":14},"2":{"name":"(anonymous_2)","decl":{"start":{"line":18,"column":38},"end":{"line":18,"column":39}},"loc":{"start":{"line":18,"column":43},"end":{"line":18,"column":60}},"line":18},"3":{"name":"(anonymous_3)","decl":{"start":{"line":19,"column":34},"end":{"line":19,"column":35}},"loc":{"start":{"line":19,"column":39},"end":{"line":19,"column":60}},"line":19},"4":{"name":"checkPos","decl":{"start":{"line":32,"column":16},"end":{"line":32,"column":24}},"loc":{"start":{"line":32,"column":54},"end":{"line":41,"column":1}},"line":32}},"branchMap":{"0":{"loc":{"start":{"line":7,"column":2},"end":{"line":7,"column":57}},"type":"if","locations":[{"start":{"line":7,"column":2},"end":{"line":7,"column":57}},{"start":{"line":7,"column":2},"end":{"line":7,"column":57}}],"line":7},"1":{"loc":{"start":{"line":17,"column":2},"end":{"line":20,"column":3}},"type":"if","locations":[{"start":{"line":17,"column":2},"end":{"line":20,"column":3}},{"start":{"line":17,"column":2},"end":{"line":20,"column":3}}],"line":17},"2":{"loc":{"start":{"line":17,"column":6},"end":{"line":17,"column":40}},"type":"binary-expr","locations":[{"start":{"line":17,"column":6},"end":{"line":17,"column":25}},{"start":{"line":17,"column":29},"end":{"line":17,"column":40}}],"line":17},"3":{"loc":{"start":{"line":21,"column":2},"end":{"line":25,"column":3}},"type":"if","locations":[{"start":{"line":21,"column":2},"end":{"line":25,"column":3}},{"start":{"line":21,"column":2},"end":{"line":25,"column":3}}],"line":21},"4":{"loc":{"start":{"line":21,"column":6},"end":{"line":21,"column":27}},"type":"binary-expr","locations":[{"start":{"line":21,"column":6},"end":{"line":21,"column":12}},{"start":{"line":21,"column":16},"end":{"line":21,"column":27}}],"line":21},"5":{"loc":{"start":{"line":33,"column":2},"end":{"line":40,"column":25}},"type":"if","locations":[{"start":{"line":33,"column":2},"end":{"line":40,"column":25}},{"start":{"line":33,"column":2},"end":{"line":40,"column":25}}],"line":33},"6":{"loc":{"start":{"line":33,"column":6},"end":{"line":33,"column":29}},"type":"binary-expr","locations":[{"start":{"line":33,"column":6},"end":{"line":33,"column":18}},{"start":{"line":33,"column":22},"end":{"line":33,"column":29}}],"line":33},"7":{"loc":{"start":{"line":35,"column":4},"end":{"line":39,"column":5}},"type":"if","locations":[{"start":{"line":35,"column":4},"end":{"line":39,"column":5}},{"start":{"line":35,"column":4},"end":{"line":39,"column":5}}],"line":35},"8":{"loc":{"start":{"line":35,"column":8},"end":{"line":35,"column":112}},"type":"binary-expr","locations":[{"start":{"line":35,"column":9},"end":{"line":35,"column":57}},{"start":{"line":35,"column":63},"end":{"line":35,"column":111}}],"line":35}},"s":{"0":9,"1":1,"2":8,"3":8,"4":4,"5":7,"6":4,"7":4,"8":8,"9":1,"10":7,"11":7,"12":5,"13":5,"14":2,"15":3,"16":2},"f":{"0":9,"1":8,"2":7,"3":4,"4":7},"b":{"0":[1,8],"1":[4,4],"2":[8,5],"3":[1,7],"4":[8,2],"5":[5,2],"6":[7,6],"7":[2,3],"8":[5,3]},"_coverageSchema":"43e27e138ebf9cfc5966b082cf9a028302ed4184","hash":"163c3e699521765924f2dc7aeb51a15971085d3c"}
}
