{"/Users/ryanlauzon/workdiv/SCAD/scad-ui/src/utilities/calculator.js": {"path":"/Users/ryanlauzon/workdiv/SCAD/scad-ui/src/utilities/calculator.js","statementMap":{"0":{"start":{"line":14,"column":15},"end":{"line":14,"column":16}},"1":{"start":{"line":15,"column":2},"end":{"line":17,"column":4}},"2":{"start":{"line":16,"column":4},"end":{"line":16,"column":134}},"3":{"start":{"line":18,"column":2},"end":{"line":26,"column":3}},"4":{"start":{"line":19,"column":4},"end":{"line":25,"column":6}},"5":{"start":{"line":20,"column":6},"end":{"line":24,"column":7}},"6":{"start":{"line":21,"column":8},"end":{"line":23,"column":38}},"7":{"start":{"line":22,"column":10},"end":{"line":22,"column":29}},"8":{"start":{"line":23,"column":17},"end":{"line":23,"column":36}},"9":{"start":{"line":27,"column":2},"end":{"line":27,"column":15}},"10":{"start":{"line":37,"column":15},"end":{"line":37,"column":65}},"11":{"start":{"line":37,"column":37},"end":{"line":37,"column":64}},"12":{"start":{"line":38,"column":2},"end":{"line":53,"column":3}},"13":{"start":{"line":39,"column":17},"end":{"line":39,"column":30}},"14":{"start":{"line":40,"column":4},"end":{"line":49,"column":5}},"15":{"start":{"line":41,"column":6},"end":{"line":41,"column":65}},"16":{"start":{"line":42,"column":11},"end":{"line":49,"column":5}},"17":{"start":{"line":43,"column":6},"end":{"line":43,"column":48}},"18":{"start":{"line":45,"column":6},"end":{"line":47,"column":7}},"19":{"start":{"line":48,"column":6},"end":{"line":48,"column":26}},"20":{"start":{"line":52,"column":4},"end":{"line":52,"column":12}},"21":{"start":{"line":60,"column":2},"end":{"line":64,"column":3}},"22":{"start":{"line":61,"column":4},"end":{"line":61,"column":12}},"23":{"start":{"line":63,"column":4},"end":{"line":63,"column":43}},"24":{"start":{"line":71,"column":2},"end":{"line":71,"column":32}},"25":{"start":{"line":72,"column":2},"end":{"line":76,"column":3}},"26":{"start":{"line":73,"column":4},"end":{"line":73,"column":17}},"27":{"start":{"line":75,"column":4},"end":{"line":75,"column":29}},"28":{"start":{"line":83,"column":14},"end":{"line":83,"column":15}},"29":{"start":{"line":84,"column":2},"end":{"line":88,"column":4}},"30":{"start":{"line":85,"column":4},"end":{"line":87,"column":5}},"31":{"start":{"line":86,"column":6},"end":{"line":86,"column":13}},"32":{"start":{"line":89,"column":2},"end":{"line":89,"column":14}},"33":{"start":{"line":95,"column":14},"end":{"line":95,"column":15}},"34":{"start":{"line":96,"column":2},"end":{"line":98,"column":4}},"35":{"start":{"line":97,"column":4},"end":{"line":97,"column":58}},"36":{"start":{"line":97,"column":49},"end":{"line":97,"column":56}},"37":{"start":{"line":99,"column":2},"end":{"line":99,"column":14}},"38":{"start":{"line":109,"column":14},"end":{"line":109,"column":15}},"39":{"start":{"line":110,"column":2},"end":{"line":121,"column":4}},"40":{"start":{"line":111,"column":4},"end":{"line":120,"column":5}},"41":{"start":{"line":113,"column":6},"end":{"line":117,"column":7}},"42":{"start":{"line":114,"column":8},"end":{"line":114,"column":47}},"43":{"start":{"line":116,"column":8},"end":{"line":116,"column":37}},"44":{"start":{"line":118,"column":19},"end":{"line":118,"column":107}},"45":{"start":{"line":119,"column":6},"end":{"line":119,"column":21}},"46":{"start":{"line":122,"column":2},"end":{"line":122,"column":14}},"47":{"start":{"line":133,"column":2},"end":{"line":133,"column":124}}},"fnMap":{"0":{"name":"calcTeamSalary","decl":{"start":{"line":13,"column":16},"end":{"line":13,"column":30}},"loc":{"start":{"line":13,"column":128},"end":{"line":28,"column":1}},"line":13},"1":{"name":"(anonymous_1)","decl":{"start":{"line":15,"column":23},"end":{"line":15,"column":24}},"loc":{"start":{"line":15,"column":28},"end":{"line":17,"column":3}},"line":15},"2":{"name":"(anonymous_2)","decl":{"start":{"line":19,"column":26},"end":{"line":19,"column":27}},"loc":{"start":{"line":19,"column":32},"end":{"line":25,"column":5}},"line":19},"3":{"name":"calcPlayerSalary","decl":{"start":{"line":36,"column":16},"end":{"line":36,"column":32}},"loc":{"start":{"line":36,"column":93},"end":{"line":54,"column":1}},"line":36},"4":{"name":"(anonymous_4)","decl":{"start":{"line":37,"column":32},"end":{"line":37,"column":33}},"loc":{"start":{"line":37,"column":37},"end":{"line":37,"column":64}},"line":37},"5":{"name":"calcFranchiseTagSalary","decl":{"start":{"line":59,"column":16},"end":{"line":59,"column":38}},"loc":{"start":{"line":59,"column":70},"end":{"line":65,"column":1}},"line":59},"6":{"name":"calcIrSalary","decl":{"start":{"line":70,"column":16},"end":{"line":70,"column":28}},"loc":{"start":{"line":70,"column":52},"end":{"line":77,"column":1}},"line":70},"7":{"name":"getPosCount","decl":{"start":{"line":82,"column":16},"end":{"line":82,"column":27}},"loc":{"start":{"line":82,"column":43},"end":{"line":90,"column":1}},"line":82},"8":{"name":"(anonymous_8)","decl":{"start":{"line":84,"column":18},"end":{"line":84,"column":19}},"loc":{"start":{"line":84,"column":23},"end":{"line":88,"column":3}},"line":84},"9":{"name":"getPlayerCount","decl":{"start":{"line":94,"column":16},"end":{"line":94,"column":30}},"loc":{"start":{"line":94,"column":41},"end":{"line":100,"column":1}},"line":94},"10":{"name":"(anonymous_10)","decl":{"start":{"line":96,"column":18},"end":{"line":96,"column":19}},"loc":{"start":{"line":96,"column":23},"end":{"line":98,"column":3}},"line":96},"11":{"name":"getPositionSalaryTotal","decl":{"start":{"line":108,"column":16},"end":{"line":108,"column":38}},"loc":{"start":{"line":108,"column":103},"end":{"line":123,"column":1}},"line":108},"12":{"name":"(anonymous_12)","decl":{"start":{"line":110,"column":18},"end":{"line":110,"column":19}},"loc":{"start":{"line":110,"column":23},"end":{"line":121,"column":3}},"line":110},"13":{"name":"getPerc","decl":{"start":{"line":132,"column":16},"end":{"line":132,"column":23}},"loc":{"start":{"line":132,"column":96},"end":{"line":134,"column":1}},"line":132}},"branchMap":{"0":{"loc":{"start":{"line":18,"column":2},"end":{"line":26,"column":3}},"type":"if","locations":[{"start":{"line":18,"column":2},"end":{"line":26,"column":3}},{"start":{"line":18,"column":2},"end":{"line":26,"column":3}}],"line":18},"1":{"loc":{"start":{"line":20,"column":6},"end":{"line":24,"column":7}},"type":"if","locations":[{"start":{"line":20,"column":6},"end":{"line":24,"column":7}},{"start":{"line":20,"column":6},"end":{"line":24,"column":7}}],"line":20},"2":{"loc":{"start":{"line":21,"column":8},"end":{"line":23,"column":38}},"type":"if","locations":[{"start":{"line":21,"column":8},"end":{"line":23,"column":38}},{"start":{"line":21,"column":8},"end":{"line":23,"column":38}}],"line":21},"3":{"loc":{"start":{"line":38,"column":2},"end":{"line":53,"column":3}},"type":"if","locations":[{"start":{"line":38,"column":2},"end":{"line":53,"column":3}},{"start":{"line":38,"column":2},"end":{"line":53,"column":3}}],"line":38},"4":{"loc":{"start":{"line":40,"column":4},"end":{"line":49,"column":5}},"type":"if","locations":[{"start":{"line":40,"column":4},"end":{"line":49,"column":5}},{"start":{"line":40,"column":4},"end":{"line":49,"column":5}}],"line":40},"5":{"loc":{"start":{"line":42,"column":11},"end":{"line":49,"column":5}},"type":"if","locations":[{"start":{"line":42,"column":11},"end":{"line":49,"column":5}},{"start":{"line":42,"column":11},"end":{"line":49,"column":5}}],"line":42},"6":{"loc":{"start":{"line":45,"column":6},"end":{"line":47,"column":7}},"type":"if","locations":[{"start":{"line":45,"column":6},"end":{"line":47,"column":7}},{"start":{"line":45,"column":6},"end":{"line":47,"column":7}}],"line":45},"7":{"loc":{"start":{"line":60,"column":2},"end":{"line":64,"column":3}},"type":"if","locations":[{"start":{"line":60,"column":2},"end":{"line":64,"column":3}},{"start":{"line":60,"column":2},"end":{"line":64,"column":3}}],"line":60},"8":{"loc":{"start":{"line":72,"column":2},"end":{"line":76,"column":3}},"type":"if","locations":[{"start":{"line":72,"column":2},"end":{"line":76,"column":3}},{"start":{"line":72,"column":2},"end":{"line":76,"column":3}}],"line":72},"9":{"loc":{"start":{"line":85,"column":4},"end":{"line":87,"column":5}},"type":"if","locations":[{"start":{"line":85,"column":4},"end":{"line":87,"column":5}},{"start":{"line":85,"column":4},"end":{"line":87,"column":5}}],"line":85},"10":{"loc":{"start":{"line":97,"column":4},"end":{"line":97,"column":58}},"type":"if","locations":[{"start":{"line":97,"column":4},"end":{"line":97,"column":58}},{"start":{"line":97,"column":4},"end":{"line":97,"column":58}}],"line":97},"11":{"loc":{"start":{"line":111,"column":4},"end":{"line":120,"column":5}},"type":"if","locations":[{"start":{"line":111,"column":4},"end":{"line":120,"column":5}},{"start":{"line":111,"column":4},"end":{"line":120,"column":5}}],"line":111},"12":{"loc":{"start":{"line":113,"column":6},"end":{"line":117,"column":7}},"type":"if","locations":[{"start":{"line":113,"column":6},"end":{"line":117,"column":7}},{"start":{"line":113,"column":6},"end":{"line":117,"column":7}}],"line":113}},"s":{"0":0,"1":0,"2":0,"3":0,"4":0,"5":0,"6":0,"7":0,"8":0,"9":0,"10":0,"11":0,"12":0,"13":0,"14":0,"15":0,"16":0,"17":0,"18":0,"19":0,"20":0,"21":0,"22":0,"23":0,"24":0,"25":0,"26":0,"27":0,"28":5,"29":5,"30":120,"31":12,"32":5,"33":0,"34":0,"35":0,"36":0,"37":0,"38":0,"39":0,"40":0,"41":0,"42":0,"43":0,"44":0,"45":0,"46":0,"47":0},"f":{"0":0,"1":0,"2":0,"3":0,"4":0,"5":0,"6":0,"7":5,"8":120,"9":0,"10":0,"11":0,"12":0,"13":0},"b":{"0":[0,0],"1":[0,0],"2":[0,0],"3":[0,0],"4":[0,0],"5":[0,0],"6":[0,0],"7":[0,0],"8":[0,0],"9":[12,108],"10":[0,0],"11":[0,0],"12":[0,0]},"_coverageSchema":"43e27e138ebf9cfc5966b082cf9a028302ed4184","hash":"e0026a4ce945543c342967d932c4b804dc42f5d5"}
,"/Users/ryanlauzon/workdiv/SCAD/scad-ui/src/utilities/functions.js": {"path":"/Users/ryanlauzon/workdiv/SCAD/scad-ui/src/utilities/functions.js","statementMap":{"0":{"start":{"line":7,"column":2},"end":{"line":9,"column":3}},"1":{"start":{"line":8,"column":4},"end":{"line":8,"column":57}},"2":{"start":{"line":8,"column":29},"end":{"line":8,"column":56}},"3":{"start":{"line":16,"column":2},"end":{"line":18,"column":3}},"4":{"start":{"line":17,"column":4},"end":{"line":17,"column":47}},"5":{"start":{"line":17,"column":29},"end":{"line":17,"column":46}},"6":{"start":{"line":24,"column":2},"end":{"line":32,"column":3}},"7":{"start":{"line":25,"column":16},"end":{"line":25,"column":17}},"8":{"start":{"line":26,"column":4},"end":{"line":30,"column":6}},"9":{"start":{"line":27,"column":6},"end":{"line":29,"column":7}},"10":{"start":{"line":28,"column":8},"end":{"line":28,"column":42}},"11":{"start":{"line":31,"column":4},"end":{"line":31,"column":16}}},"fnMap":{"0":{"name":"getScadPlayer","decl":{"start":{"line":6,"column":16},"end":{"line":6,"column":29}},"loc":{"start":{"line":6,"column":44},"end":{"line":10,"column":1}},"line":6},"1":{"name":"(anonymous_1)","decl":{"start":{"line":8,"column":24},"end":{"line":8,"column":25}},"loc":{"start":{"line":8,"column":29},"end":{"line":8,"column":56}},"line":8},"2":{"name":"getYahooPlayer","decl":{"start":{"line":15,"column":16},"end":{"line":15,"column":30}},"loc":{"start":{"line":15,"column":45},"end":{"line":19,"column":1}},"line":15},"3":{"name":"(anonymous_3)","decl":{"start":{"line":17,"column":24},"end":{"line":17,"column":25}},"loc":{"start":{"line":17,"column":29},"end":{"line":17,"column":46}},"line":17},"4":{"name":"getLeagueRosterLimit","decl":{"start":{"line":23,"column":16},"end":{"line":23,"column":36}},"loc":{"start":{"line":23,"column":55},"end":{"line":33,"column":1}},"line":23},"5":{"name":"(anonymous_5)","decl":{"start":{"line":26,"column":28},"end":{"line":26,"column":29}},"loc":{"start":{"line":26,"column":35},"end":{"line":30,"column":5}},"line":26}},"branchMap":{"0":{"loc":{"start":{"line":7,"column":2},"end":{"line":9,"column":3}},"type":"if","locations":[{"start":{"line":7,"column":2},"end":{"line":9,"column":3}},{"start":{"line":7,"column":2},"end":{"line":9,"column":3}}],"line":7},"1":{"loc":{"start":{"line":16,"column":2},"end":{"line":18,"column":3}},"type":"if","locations":[{"start":{"line":16,"column":2},"end":{"line":18,"column":3}},{"start":{"line":16,"column":2},"end":{"line":18,"column":3}}],"line":16},"2":{"loc":{"start":{"line":24,"column":2},"end":{"line":32,"column":3}},"type":"if","locations":[{"start":{"line":24,"column":2},"end":{"line":32,"column":3}},{"start":{"line":24,"column":2},"end":{"line":32,"column":3}}],"line":24},"3":{"loc":{"start":{"line":24,"column":6},"end":{"line":24,"column":55}},"type":"binary-expr","locations":[{"start":{"line":24,"column":6},"end":{"line":24,"column":21}},{"start":{"line":24,"column":25},"end":{"line":24,"column":55}}],"line":24},"4":{"loc":{"start":{"line":27,"column":6},"end":{"line":29,"column":7}},"type":"if","locations":[{"start":{"line":27,"column":6},"end":{"line":29,"column":7}},{"start":{"line":27,"column":6},"end":{"line":29,"column":7}}],"line":27}},"s":{"0":9,"1":7,"2":122,"3":7,"4":5,"5":97,"6":3,"7":1,"8":1,"9":8,"10":7,"11":1},"f":{"0":9,"1":122,"2":7,"3":97,"4":3,"5":8},"b":{"0":[7,2],"1":[5,2],"2":[1,2],"3":[3,2],"4":[7,1]},"_coverageSchema":"43e27e138ebf9cfc5966b082cf9a028302ed4184","hash":"1eb17364a4e52ad3544cc23b9c03eecc0279a3af"}
,"/Users/ryanlauzon/workdiv/SCAD/scad-ui/src/utilities/validators.js": {"path":"/Users/ryanlauzon/workdiv/SCAD/scad-ui/src/utilities/validators.js","statementMap":{"0":{"start":{"line":7,"column":2},"end":{"line":7,"column":57}},"1":{"start":{"line":7,"column":22},"end":{"line":7,"column":33}},"2":{"start":{"line":7,"column":43},"end":{"line":7,"column":55}},"3":{"start":{"line":17,"column":2},"end":{"line":20,"column":3}},"4":{"start":{"line":18,"column":4},"end":{"line":18,"column":61}},"5":{"start":{"line":18,"column":43},"end":{"line":18,"column":60}},"6":{"start":{"line":19,"column":4},"end":{"line":19,"column":61}},"7":{"start":{"line":19,"column":39},"end":{"line":19,"column":60}},"8":{"start":{"line":21,"column":2},"end":{"line":25,"column":3}},"9":{"start":{"line":22,"column":4},"end":{"line":22,"column":15}},"10":{"start":{"line":24,"column":4},"end":{"line":24,"column":16}},"11":{"start":{"line":33,"column":2},"end":{"line":40,"column":25}},"12":{"start":{"line":34,"column":16},"end":{"line":34,"column":55}},"13":{"start":{"line":35,"column":4},"end":{"line":39,"column":5}},"14":{"start":{"line":36,"column":6},"end":{"line":36,"column":17}},"15":{"start":{"line":38,"column":6},"end":{"line":38,"column":18}},"16":{"start":{"line":40,"column":11},"end":{"line":40,"column":23}}},"fnMap":{"0":{"name":"isIR","decl":{"start":{"line":6,"column":16},"end":{"line":6,"column":20}},"loc":{"start":{"line":6,"column":27},"end":{"line":8,"column":1}},"line":6},"1":{"name":"isCommishNotRegistered","decl":{"start":{"line":14,"column":16},"end":{"line":14,"column":38}},"loc":{"start":{"line":14,"column":78},"end":{"line":26,"column":1}},"line":14},"2":{"name":"(anonymous_2)","decl":{"start":{"line":18,"column":38},"end":{"line":18,"column":39}},"loc":{"start":{"line":18,"column":43},"end":{"line":18,"column":60}},"line":18},"3":{"name":"(anonymous_3)","decl":{"start":{"line":19,"column":34},"end":{"line":19,"column":35}},"loc":{"start":{"line":19,"column":39},"end":{"line":19,"column":60}},"line":19},"4":{"name":"checkPos","decl":{"start":{"line":32,"column":16},"end":{"line":32,"column":24}},"loc":{"start":{"line":32,"column":54},"end":{"line":41,"column":1}},"line":32}},"branchMap":{"0":{"loc":{"start":{"line":7,"column":2},"end":{"line":7,"column":57}},"type":"if","locations":[{"start":{"line":7,"column":2},"end":{"line":7,"column":57}},{"start":{"line":7,"column":2},"end":{"line":7,"column":57}}],"line":7},"1":{"loc":{"start":{"line":17,"column":2},"end":{"line":20,"column":3}},"type":"if","locations":[{"start":{"line":17,"column":2},"end":{"line":20,"column":3}},{"start":{"line":17,"column":2},"end":{"line":20,"column":3}}],"line":17},"2":{"loc":{"start":{"line":17,"column":6},"end":{"line":17,"column":40}},"type":"binary-expr","locations":[{"start":{"line":17,"column":6},"end":{"line":17,"column":25}},{"start":{"line":17,"column":29},"end":{"line":17,"column":40}}],"line":17},"3":{"loc":{"start":{"line":21,"column":2},"end":{"line":25,"column":3}},"type":"if","locations":[{"start":{"line":21,"column":2},"end":{"line":25,"column":3}},{"start":{"line":21,"column":2},"end":{"line":25,"column":3}}],"line":21},"4":{"loc":{"start":{"line":21,"column":6},"end":{"line":21,"column":27}},"type":"binary-expr","locations":[{"start":{"line":21,"column":6},"end":{"line":21,"column":12}},{"start":{"line":21,"column":16},"end":{"line":21,"column":27}}],"line":21},"5":{"loc":{"start":{"line":33,"column":2},"end":{"line":40,"column":25}},"type":"if","locations":[{"start":{"line":33,"column":2},"end":{"line":40,"column":25}},{"start":{"line":33,"column":2},"end":{"line":40,"column":25}}],"line":33},"6":{"loc":{"start":{"line":33,"column":6},"end":{"line":33,"column":29}},"type":"binary-expr","locations":[{"start":{"line":33,"column":6},"end":{"line":33,"column":18}},{"start":{"line":33,"column":22},"end":{"line":33,"column":29}}],"line":33},"7":{"loc":{"start":{"line":35,"column":4},"end":{"line":39,"column":5}},"type":"if","locations":[{"start":{"line":35,"column":4},"end":{"line":39,"column":5}},{"start":{"line":35,"column":4},"end":{"line":39,"column":5}}],"line":35},"8":{"loc":{"start":{"line":35,"column":8},"end":{"line":35,"column":112}},"type":"binary-expr","locations":[{"start":{"line":35,"column":9},"end":{"line":35,"column":57}},{"start":{"line":35,"column":63},"end":{"line":35,"column":111}}],"line":35}},"s":{"0":9,"1":1,"2":8,"3":8,"4":4,"5":7,"6":4,"7":4,"8":8,"9":1,"10":7,"11":7,"12":5,"13":5,"14":2,"15":3,"16":2},"f":{"0":9,"1":8,"2":7,"3":4,"4":7},"b":{"0":[1,8],"1":[4,4],"2":[8,5],"3":[1,7],"4":[8,2],"5":[5,2],"6":[7,6],"7":[2,3],"8":[5,3]},"_coverageSchema":"43e27e138ebf9cfc5966b082cf9a028302ed4184","hash":"163c3e699521765924f2dc7aeb51a15971085d3c"}
}
