TN:
SF:/Users/ryanlauzon/workdiv/SCAD/scad-ui/src/utilities/calculator.js
FN:13,calcTeamSalary
FN:15,(anonymous_1)
FN:19,(anonymous_2)
FN:36,calcPlayerSalary
FN:38,(anonymous_4)
FN:58,calcFranchiseTagSalary
FN:71,calcIrSalary
FN:87,getPosCount
FN:90,(anonymous_8)
FN:103,getPlayerCount
FN:106,(anonymous_10)
FN:119,getPositionSalaryTotal
FN:122,(anonymous_12)
FN:145,getPerc
FNF:14
FNH:11
FNDA:0,calcTeamSalary
FNDA:0,(anonymous_1)
FNDA:0,(anonymous_2)
FNDA:33,calcPlayerSalary
FNDA:292,(anonymous_4)
FNDA:14,calcFranchiseTagSalary
FNDA:23,calcIrSalary
FNDA:11,getPosCount
FNDA:192,(anonymous_8)
FNDA:2,getPlayerCount
FNDA:24,(anonymous_10)
FNDA:17,getPositionSalaryTotal
FNDA:168,(anonymous_12)
FNDA:3,getPerc
DA:14,0
DA:15,0
DA:16,0
DA:18,0
DA:19,0
DA:20,0
DA:21,0
DA:22,0
DA:23,0
DA:27,0
DA:37,33
DA:38,292
DA:39,29
DA:40,28
DA:41,28
DA:42,2
DA:44,28
DA:45,9
DA:47,28
DA:50,1
DA:59,14
DA:60,10
DA:61,3
DA:63,7
DA:65,4
DA:72,23
DA:73,17
DA:74,17
DA:75,7
DA:77,10
DA:79,6
DA:80,2
DA:81,4
DA:88,11
DA:89,11
DA:90,8
DA:91,192
DA:92,38
DA:93,37
DA:98,11
DA:104,2
DA:105,2
DA:106,1
DA:107,24
DA:110,2
DA:120,17
DA:121,17
DA:122,7
DA:123,168
DA:125,22
DA:126,6
DA:128,16
DA:130,22
DA:131,22
DA:135,17
DA:146,3
LF:56
LH:46
BRDA:18,0,0,0
BRDA:18,0,1,0
BRDA:20,1,0,0
BRDA:20,1,1,0
BRDA:21,2,0,0
BRDA:21,2,1,0
BRDA:37,3,0,29
BRDA:37,3,1,4
BRDA:37,4,0,33
BRDA:37,4,1,30
BRDA:37,4,2,29
BRDA:37,4,3,29
BRDA:37,4,4,29
BRDA:39,5,0,28
BRDA:39,5,1,1
BRDA:41,6,0,2
BRDA:41,6,1,26
BRDA:44,7,0,9
BRDA:44,7,1,19
BRDA:59,8,0,10
BRDA:59,8,1,4
BRDA:59,9,0,14
BRDA:59,9,1,11
BRDA:60,10,0,3
BRDA:60,10,1,7
BRDA:72,11,0,17
BRDA:72,11,1,6
BRDA:72,12,0,23
BRDA:72,12,1,20
BRDA:74,13,0,7
BRDA:74,13,1,10
BRDA:79,14,0,2
BRDA:79,14,1,4
BRDA:79,15,0,6
BRDA:79,15,1,3
BRDA:89,16,0,8
BRDA:89,16,1,3
BRDA:91,17,0,38
BRDA:91,17,1,154
BRDA:92,18,0,37
BRDA:92,18,1,1
BRDA:105,19,0,1
BRDA:105,19,1,1
BRDA:107,20,0,23
BRDA:107,20,1,1
BRDA:121,21,0,7
BRDA:121,21,1,10
BRDA:121,22,0,17
BRDA:121,22,1,13
BRDA:121,22,2,10
BRDA:121,22,3,7
BRDA:121,22,4,7
BRDA:123,23,0,22
BRDA:123,23,1,146
BRDA:125,24,0,6
BRDA:125,24,1,16
BRF:56
BRH:50
end_of_record
TN:
SF:/Users/ryanlauzon/workdiv/SCAD/scad-ui/src/utilities/functions.js
FN:6,getScadPlayer
FN:8,(anonymous_1)
FN:15,getYahooPlayer
FN:17,(anonymous_3)
FN:23,getLeagueRosterLimit
FN:26,(anonymous_5)
FNF:6
FNH:6
FNDA:9,getScadPlayer
FNDA:122,(anonymous_1)
FNDA:7,getYahooPlayer
FNDA:110,(anonymous_3)
FNDA:3,getLeagueRosterLimit
FNDA:8,(anonymous_5)
DA:7,9
DA:8,122
DA:16,7
DA:17,110
DA:24,3
DA:25,1
DA:26,1
DA:27,8
DA:28,7
DA:31,1
LF:10
LH:10
BRDA:7,0,0,7
BRDA:7,0,1,2
BRDA:16,1,0,5
BRDA:16,1,1,2
BRDA:24,2,0,1
BRDA:24,2,1,2
BRDA:24,3,0,3
BRDA:24,3,1,2
BRDA:27,4,0,7
BRDA:27,4,1,1
BRF:10
BRH:10
end_of_record
TN:
SF:/Users/ryanlauzon/workdiv/SCAD/scad-ui/src/utilities/validators.js
FN:6,isIR
FN:14,isCommishNotRegistered
FN:18,(anonymous_2)
FN:19,(anonymous_3)
FN:32,checkPos
FNF:5
FNH:5
FNDA:9,isIR
FNDA:8,isCommishNotRegistered
FNDA:7,(anonymous_2)
FNDA:4,(anonymous_3)
FNDA:7,checkPos
DA:7,9
DA:17,8
DA:18,7
DA:19,4
DA:21,8
DA:22,1
DA:24,7
DA:33,7
DA:34,5
DA:35,5
DA:36,2
DA:38,3
DA:40,2
LF:13
LH:13
BRDA:7,0,0,1
BRDA:7,0,1,8
BRDA:17,1,0,4
BRDA:17,1,1,4
BRDA:17,2,0,8
BRDA:17,2,1,5
BRDA:21,3,0,1
BRDA:21,3,1,7
BRDA:21,4,0,8
BRDA:21,4,1,2
BRDA:33,5,0,5
BRDA:33,5,1,2
BRDA:33,6,0,7
BRDA:33,6,1,6
BRDA:35,7,0,2
BRDA:35,7,1,3
BRDA:35,8,0,5
BRDA:35,8,1,3
BRF:18
BRH:18
end_of_record
