TN:
SF:/Users/ryanlauzon/workdiv/SCAD/scad-ui/src/utilities/calculator.js
FN:13,calcTeamSalary
FN:15,(anonymous_1)
FN:19,(anonymous_2)
FN:36,calcPlayerSalary
FN:37,(anonymous_4)
FN:59,calcFranchiseTagSalary
FN:70,calcIrSalary
FN:82,getPosCount
FN:84,(anonymous_8)
FN:94,getPlayerCount
FN:96,(anonymous_10)
FN:108,getPositionSalaryTotal
FN:110,(anonymous_12)
FN:132,getPerc
FNF:14
FNH:2
FNDA:0,calcTeamSalary
FNDA:0,(anonymous_1)
FNDA:0,(anonymous_2)
FNDA:0,calcPlayerSalary
FNDA:0,(anonymous_4)
FNDA:0,calcFranchiseTagSalary
FNDA:0,calcIrSalary
FNDA:5,getPosCount
FNDA:120,(anonymous_8)
FNDA:0,getPlayerCount
FNDA:0,(anonymous_10)
FNDA:0,getPositionSalaryTotal
FNDA:0,(anonymous_12)
FNDA:0,getPerc
DA:14,0
DA:15,0
DA:16,0
DA:18,0
DA:19,0
DA:20,0
DA:21,0
DA:22,0
DA:23,0
DA:27,0
DA:37,0
DA:38,0
DA:39,0
DA:40,0
DA:41,0
DA:42,0
DA:43,0
DA:45,0
DA:48,0
DA:52,0
DA:60,0
DA:61,0
DA:63,0
DA:71,0
DA:72,0
DA:73,0
DA:75,0
DA:83,5
DA:84,5
DA:85,120
DA:86,12
DA:89,5
DA:95,0
DA:96,0
DA:97,0
DA:99,0
DA:109,0
DA:110,0
DA:111,0
DA:113,0
DA:114,0
DA:116,0
DA:118,0
DA:119,0
DA:122,0
DA:133,0
LF:46
LH:5
BRDA:18,0,0,0
BRDA:18,0,1,0
BRDA:20,1,0,0
BRDA:20,1,1,0
BRDA:21,2,0,0
BRDA:21,2,1,0
BRDA:38,3,0,0
BRDA:38,3,1,0
BRDA:40,4,0,0
BRDA:40,4,1,0
BRDA:42,5,0,0
BRDA:42,5,1,0
BRDA:45,6,0,0
BRDA:45,6,1,0
BRDA:60,7,0,0
BRDA:60,7,1,0
BRDA:72,8,0,0
BRDA:72,8,1,0
BRDA:85,9,0,12
BRDA:85,9,1,108
BRDA:97,10,0,0
BRDA:97,10,1,0
BRDA:111,11,0,0
BRDA:111,11,1,0
BRDA:113,12,0,0
BRDA:113,12,1,0
BRF:26
BRH:2
end_of_record
TN:
SF:/Users/ryanlauzon/workdiv/SCAD/scad-ui/src/utilities/validators.js
FN:6,isIR
FN:14,isCommishNotRegistered
FN:18,(anonymous_2)
FN:19,(anonymous_3)
FN:32,checkPos
FNF:5
FNH:5
FNDA:9,isIR
FNDA:8,isCommishNotRegistered
FNDA:7,(anonymous_2)
FNDA:4,(anonymous_3)
FNDA:7,checkPos
DA:7,9
DA:17,8
DA:18,7
DA:19,4
DA:21,8
DA:22,1
DA:24,7
DA:33,7
DA:34,5
DA:35,5
DA:36,2
DA:38,3
DA:40,2
LF:13
LH:13
BRDA:7,0,0,1
BRDA:7,0,1,8
BRDA:17,1,0,4
BRDA:17,1,1,4
BRDA:17,2,0,8
BRDA:17,2,1,5
BRDA:21,3,0,1
BRDA:21,3,1,7
BRDA:21,4,0,8
BRDA:21,4,1,2
BRDA:33,5,0,5
BRDA:33,5,1,2
BRDA:33,6,0,7
BRDA:33,6,1,6
BRDA:35,7,0,2
BRDA:35,7,1,3
BRDA:35,8,0,5
BRDA:35,8,1,3
BRF:18
BRH:18
end_of_record
